C:\local\workspace\RobotFramework-maven-selenium>mvn robotframework:run
[INFO] Scanning for projects...
[INFO]
[INFO] ------------------------------------------------------------------------
[INFO] Building robot.maven 1.0-SNAPSHOT
[INFO] ------------------------------------------------------------------------
[INFO]
[INFO] --- robotframework-maven-plugin:1.4.4:run (default-cli) @ robot.maven ---
==============================================================================
Acceptance
==============================================================================
Acceptance.ROBOT TEST 1 :: Just a Simple test number 1
==============================================================================
Starting ChromeDriver 2.13.307647 (5a7d0541ebc58e69994a6fb2ed930f45261f3c29) on port 32994
Only local connections are allowed.

Show the tags
TAGS:
[u'ROBOT1']
Show the tags                                                         | PASS |
------------------------------------------------------------------------------
Check on content                                                      | PASS |
------------------------------------------------------------------------------
Acceptance.ROBOT TEST 1 :: Just a Simple test number 1                | PASS |
2 critical tests, 2 passed, 0 failed
2 tests total, 2 passed, 0 failed
==============================================================================
Acceptance.ROBOT TEST 2 :: Just a Simple test number 2
==============================================================================
Starting ChromeDriver 2.13.307647 (5a7d0541ebc58e69994a6fb2ed930f45261f3c29) on port 15756
Only local connections are allowed.

Show the tags
TAGS:
[u'ROBOT2']
Show the tags                                                         | PASS |
------------------------------------------------------------------------------
Check on content                                                      | PASS |
------------------------------------------------------------------------------
Acceptance.ROBOT TEST 2 :: Just a Simple test number 2                | PASS |
2 critical tests, 2 passed, 0 failed
2 tests total, 2 passed, 0 failed
==============================================================================
Acceptance                                                            | PASS |
4 critical tests, 4 passed, 0 failed
4 tests total, 4 passed, 0 failed
==============================================================================
Output:  C:\local\workspace\RobotFramework-maven-selenium\target\robotframework-reports\output.xml
XUnit:   C:\local\workspace\RobotFramework-maven-selenium\target\robotframework-reports\TEST-acceptance.xml
Log:     C:\local\workspace\RobotFramework-maven-selenium\target\robotframework-reports\log.html
Report:  C:\local\workspace\RobotFramework-maven-selenium\target\robotframework-reports\report.html
[INFO] ------------------------------------------------------------------------
[INFO] BUILD SUCCESS
[INFO] ------------------------------------------------------------------------
[INFO] Total time: 15.394 s
[INFO] Finished at: 2015-08-13T12:01:26+02:00
[INFO] Final Memory: 41M/480M
[INFO] ------------------------------------------------------------------------
